<?xml version="1.0" encoding="UTF-8"?>
<!-- Generated by org.testng.reporters.JUnitReportReporter -->
<testsuite hostname="SUDHIR" failures="0" tests="2" name="project.PostiveScenario.StandaloneTest" time="18.472" errors="0" timestamp="2024-01-19T22:19:39 IST" skipped="0">
  <testcase classname="project.PostiveScenario.StandaloneTest" name="verifyProduct" time="3.755"/>
  <testcase classname="project.PostiveScenario.StandaloneTest" name="submitOrderTestCase" time="14.717"/>
</testsuite> <!-- project.PostiveScenario.StandaloneTest -->
