<?xml version="1.0" encoding="UTF-8"?>
<!-- Generated by org.testng.reporters.JUnitReportReporter -->
<testsuite hostname="SUDHIR" failures="0" tests="1" name="project.standlone.StandaloneTest" time="14.950" errors="0" timestamp="2024-01-17T15:37:37 IST" skipped="0">
  <testcase classname="project.standlone.StandaloneTest" name="submitOrderTestCase" time="14.950"/>
</testsuite> <!-- project.standlone.StandaloneTest -->
