<?xml version="1.0" encoding="UTF-8"?>
<!-- Generated by org.testng.reporters.JUnitReportReporter -->
<testsuite hostname="SUDHIR" failures="0" tests="2" name="project.PostiveScenario.StandaloneTest" time="21.630" errors="0" timestamp="2024-01-20T23:11:36 IST" skipped="0">
  <testcase classname="project.PostiveScenario.StandaloneTest" name="submitOrderTestCase" time="15.701"/>
  <testcase classname="project.PostiveScenario.StandaloneTest" name="verifyProduct" time="5.929"/>
</testsuite> <!-- project.PostiveScenario.StandaloneTest -->
