<?xml version="1.0" encoding="UTF-8"?>
<!-- Generated by org.testng.reporters.JUnitReportReporter -->
<testsuite hostname="SUDHIR" failures="0" tests="2" name="project.PostiveScenario.StandaloneTest" time="17.480" errors="0" timestamp="2024-01-20T00:12:23 IST" skipped="0">
  <testcase classname="project.PostiveScenario.StandaloneTest" name="verifyProduct" time="3.274"/>
  <testcase classname="project.PostiveScenario.StandaloneTest" name="submitOrderTestCase" time="14.206"/>
</testsuite> <!-- project.PostiveScenario.StandaloneTest -->
