<?xml version="1.0" encoding="UTF-8"?>
<!-- Generated by org.testng.reporters.JUnitReportReporter -->
<testsuite hostname="SUDHIR" failures="0" tests="2" name="project.PostiveScenario.StandaloneTest" time="23.741" errors="0" timestamp="2024-01-20T00:34:22 IST" skipped="0">
  <testcase classname="project.PostiveScenario.StandaloneTest" name="verifyProduct" time="7.008"/>
  <testcase classname="project.PostiveScenario.StandaloneTest" name="submitOrderTestCase" time="16.733"/>
</testsuite> <!-- project.PostiveScenario.StandaloneTest -->
